app/build/intermediates/manifest_merge_blame_file/debug/processDebugMainManifest/manifest-merger-blame-debug-report.txt
1<?xml version="1.0" encoding="utf-8"?>
2<manifest xmlns:android="http://schemas.android.com/apk/res/android"
3    package="com.example.campus_buddy"
4    android:versionCode="1"
5    android:versionName="1.0" >
6
7    <uses-sdk
8        android:minSdkVersion="29"
9        android:targetSdkVersion="34" />
10
11    <uses-permission android:name="android.permission.INTERNET" />
11-->[com.google.firebase:firebase-auth:22.0.0] AndroidManifest.xml:25:5-67
11-->[com.google.firebase:firebase-auth:22.0.0] AndroidManifest.xml:25:22-64
12    <uses-permission android:name="android.permission.ACCESS_NETWORK_STATE" />
12-->[com.google.firebase:firebase-auth:22.0.0] AndroidManifest.xml:26:5-79
12-->[com.google.firebase:firebase-auth:22.0.0] AndroidManifest.xml:26:22-76
13
14    <queries>
14-->[com.android.car.ui:car-ui-lib:2.6.0] AndroidManifest.xml:23:5-34:15
15
16        <!-- Required for querying the IME service at runtime -->
17        <intent>
17-->[com.android.car.ui:car-ui-lib:2.6.0] AndroidManifest.xml:26:9-28:18
18            <action android:name="android.view.InputMethod" />
18-->[com.android.car.ui:car-ui-lib:2.6.0] AndroidManifest.xml:27:13-63
18-->[com.android.car.ui:car-ui-lib:2.6.0] AndroidManifest.xml:27:21-60
19        </intent>
20        <!-- Required for querying the plugin at runtime -->
21        <provider
21-->[com.android.car.ui:car-ui-lib:2.6.0] AndroidManifest.xml:30:9-33:67
22            android:name="com.android.car.ui.plugin.PluginNameProvider"
22-->[com.android.car.ui:car-ui-lib:2.6.0] AndroidManifest.xml:31:13-72
23            android:authorities="com.android.car.ui.plugin" />
23-->[com.android.car.ui:car-ui-lib:2.6.0] AndroidManifest.xml:32:13-60
24    </queries>
25
26    <permission
26-->[androidx.core:core:1.12.0] AndroidManifest.xml:22:5-24:47
27        android:name="com.example.campus_buddy.DYNAMIC_RECEIVER_NOT_EXPORTED_PERMISSION"
27-->[androidx.core:core:1.12.0] AndroidManifest.xml:23:9-81
28        android:protectionLevel="signature" />
28-->[androidx.core:core:1.12.0] AndroidManifest.xml:24:9-44
29
30    <uses-permission android:name="com.example.campus_buddy.DYNAMIC_RECEIVER_NOT_EXPORTED_PERMISSION" />
30-->[androidx.core:core:1.12.0] AndroidManifest.xml:26:5-97
30-->[androidx.core:core:1.12.0] AndroidManifest.xml:26:22-94
31
32    <application
32-->src\main\AndroidManifest.xml:5:5-49:19
33        android:allowBackup="true"
33-->src\main\AndroidManifest.xml:6:9-35
34        android:appComponentFactory="androidx.core.app.CoreComponentFactory"
34-->[androidx.core:core:1.12.0] AndroidManifest.xml:28:18-86
35        android:dataExtractionRules="@xml/data_extraction_rules"
35-->src\main\AndroidManifest.xml:7:9-65
36        android:debuggable="true"
37        android:extractNativeLibs="false"
38        android:fullBackupContent="@xml/backup_rules"
38-->src\main\AndroidManifest.xml:8:9-54
39        android:icon="@mipmap/ic_launcher"
39-->src\main\AndroidManifest.xml:9:9-43
40        android:label="@string/app_name"
40-->src\main\AndroidManifest.xml:10:9-41
41        android:roundIcon="@mipmap/ic_launcher_round"
41-->src\main\AndroidManifest.xml:11:9-54
42        android:supportsRtl="true"
42-->src\main\AndroidManifest.xml:12:9-35
43        android:testOnly="true"
44        android:theme="@style/Theme.Campus_Buddy" >
44-->src\main\AndroidManifest.xml:13:9-50
45        <activity
45-->src\main\AndroidManifest.xml:15:9-23:20
46            android:name="com.example.campus_buddy.LoginActivity"
46-->src\main\AndroidManifest.xml:16:13-42
47            android:exported="true" >
47-->src\main\AndroidManifest.xml:17:13-36
48            <intent-filter>
48-->src\main\AndroidManifest.xml:18:13-22:29
49                <action android:name="android.intent.action.MAIN" />
49-->src\main\AndroidManifest.xml:19:17-69
49-->src\main\AndroidManifest.xml:19:25-66
50
51                <category android:name="android.intent.category.LAUNCHER" />
51-->src\main\AndroidManifest.xml:21:17-77
51-->src\main\AndroidManifest.xml:21:27-74
52            </intent-filter>
53        </activity>
54        <activity android:name="com.example.campus_buddy.SignUpActivity" />
54-->src\main\AndroidManifest.xml:25:9-61
54-->src\main\AndroidManifest.xml:25:19-49
55        <activity
55-->src\main\AndroidManifest.xml:26:9-101
56            android:name="com.example.campus_buddy.RequestHomePage"
56-->src\main\AndroidManifest.xml:26:19-50
57            android:parentActivityName="com.example.campus_buddy.HomePage" />
57-->src\main\AndroidManifest.xml:26:51-89
58        <activity android:name="com.example.campus_buddy.CreateEventActivity" />
58-->src\main\AndroidManifest.xml:27:9-66
58-->src\main\AndroidManifest.xml:27:19-54
59        <activity android:name="com.example.campus_buddy.CreateRequestActivity" />
59-->src\main\AndroidManifest.xml:28:9-68
59-->src\main\AndroidManifest.xml:28:19-56
60        <activity android:name="com.example.campus_buddy.OffersFragment" />
60-->src\main\AndroidManifest.xml:29:9-61
60-->src\main\AndroidManifest.xml:29:19-49
61        <activity android:name="com.example.campus_buddy.EventsFragment" />
61-->src\main\AndroidManifest.xml:30:9-61
61-->src\main\AndroidManifest.xml:30:19-49
62        <activity android:name="com.example.campus_buddy.MainActivity" />
62-->src\main\AndroidManifest.xml:31:9-59
62-->src\main\AndroidManifest.xml:31:19-47
63        <activity android:name="com.example.campus_buddy.HomePage" />
63-->src\main\AndroidManifest.xml:32:9-55
63-->src\main\AndroidManifest.xml:32:19-43
64        <activity android:name="com.example.campus_buddy.RequestsFragment" />
64-->src\main\AndroidManifest.xml:33:9-63
64-->src\main\AndroidManifest.xml:33:19-51
65        <activity android:name="com.example.campus_buddy.OfferHomePage" />
65-->src\main\AndroidManifest.xml:34:9-60
65-->src\main\AndroidManifest.xml:34:19-48
66        <activity android:name="com.example.campus_buddy.CreateOfferActivity" />
66-->src\main\AndroidManifest.xml:35:9-66
66-->src\main\AndroidManifest.xml:35:19-54
67        <activity android:name="com.example.campus_buddy.EditProfileActivity" />
67-->src\main\AndroidManifest.xml:36:9-66
67-->src\main\AndroidManifest.xml:36:19-54
68        <activity android:name="com.example.campus_buddy.ProfileHomeActivity" />
68-->src\main\AndroidManifest.xml:37:9-66
68-->src\main\AndroidManifest.xml:37:19-54
69        <activity android:name="com.example.campus_buddy.MyOffersActivity" />
69-->src\main\AndroidManifest.xml:38:9-63
69-->src\main\AndroidManifest.xml:38:19-51
70        <activity android:name="com.example.campus_buddy.MyRequestActivity" />
70-->src\main\AndroidManifest.xml:39:9-64
70-->src\main\AndroidManifest.xml:39:19-52
71        <activity android:name="com.example.campus_buddy.EditRequestActivity" />
71-->src\main\AndroidManifest.xml:40:9-66
71-->src\main\AndroidManifest.xml:40:19-54
72        <activity android:name="com.example.campus_buddy.EditOfferActivity" />
72-->src\main\AndroidManifest.xml:41:9-64
72-->src\main\AndroidManifest.xml:41:19-52
73        <activity android:name="com.example.campus_buddy.MyAcceptedOffersActivity" />
73-->src\main\AndroidManifest.xml:42:9-71
73-->src\main\AndroidManifest.xml:42:19-59
74        <activity android:name="com.example.campus_buddy.MyAcceptedRequestsActivity" />
74-->src\main\AndroidManifest.xml:43:9-73
74-->src\main\AndroidManifest.xml:43:19-61
75        <activity android:name="com.example.campus_buddy.EventsHomePage" />
75-->src\main\AndroidManifest.xml:44:9-61
75-->src\main\AndroidManifest.xml:44:19-49
76        <activity android:name="com.example.campus_buddy.MyEventsActivity" />
76-->src\main\AndroidManifest.xml:45:9-63
76-->src\main\AndroidManifest.xml:45:19-51
77        <activity android:name="com.example.campus_buddy.EditEventActivity" />
77-->src\main\AndroidManifest.xml:46:9-64
77-->src\main\AndroidManifest.xml:46:19-52
78        <activity android:name="com.example.campus_buddy.OrganizationSignUpActivity" />
78-->src\main\AndroidManifest.xml:47:9-73
78-->src\main\AndroidManifest.xml:47:19-61
79        <activity android:name="com.example.campus_buddy.ChooseRoleActivity" />
79-->src\main\AndroidManifest.xml:48:9-65
79-->src\main\AndroidManifest.xml:48:19-53
80        <activity
80-->[com.google.firebase:firebase-auth:22.0.0] AndroidManifest.xml:29:9-46:20
81            android:name="com.google.firebase.auth.internal.GenericIdpActivity"
81-->[com.google.firebase:firebase-auth:22.0.0] AndroidManifest.xml:30:13-80
82            android:excludeFromRecents="true"
82-->[com.google.firebase:firebase-auth:22.0.0] AndroidManifest.xml:31:13-46
83            android:exported="true"
83-->[com.google.firebase:firebase-auth:22.0.0] AndroidManifest.xml:32:13-36
84            android:launchMode="singleTask"
84-->[com.google.firebase:firebase-auth:22.0.0] AndroidManifest.xml:33:13-44
85            android:theme="@android:style/Theme.Translucent.NoTitleBar" >
85-->[com.google.firebase:firebase-auth:22.0.0] AndroidManifest.xml:34:13-72
86            <intent-filter>
86-->[com.google.firebase:firebase-auth:22.0.0] AndroidManifest.xml:35:13-45:29
87                <action android:name="android.intent.action.VIEW" />
87-->[com.google.firebase:firebase-auth:22.0.0] AndroidManifest.xml:36:17-69
87-->[com.google.firebase:firebase-auth:22.0.0] AndroidManifest.xml:36:25-66
88
89                <category android:name="android.intent.category.DEFAULT" />
89-->[com.google.firebase:firebase-auth:22.0.0] AndroidManifest.xml:38:17-76
89-->[com.google.firebase:firebase-auth:22.0.0] AndroidManifest.xml:38:27-73
90                <category android:name="android.intent.category.BROWSABLE" />
90-->[com.google.firebase:firebase-auth:22.0.0] AndroidManifest.xml:39:17-78
90-->[com.google.firebase:firebase-auth:22.0.0] AndroidManifest.xml:39:27-75
91
92                <data
92-->[com.google.firebase:firebase-auth:22.0.0] AndroidManifest.xml:41:17-44:51
93                    android:host="firebase.auth"
93-->[com.google.firebase:firebase-auth:22.0.0] AndroidManifest.xml:42:21-49
94                    android:path="/"
94-->[com.google.firebase:firebase-auth:22.0.0] AndroidManifest.xml:43:21-37
95                    android:scheme="genericidp" />
95-->[com.google.firebase:firebase-auth:22.0.0] AndroidManifest.xml:44:21-48
96            </intent-filter>
97        </activity>
98        <activity
98-->[com.google.firebase:firebase-auth:22.0.0] AndroidManifest.xml:47:9-64:20
99            android:name="com.google.firebase.auth.internal.RecaptchaActivity"
99-->[com.google.firebase:firebase-auth:22.0.0] AndroidManifest.xml:48:13-79
100            android:excludeFromRecents="true"
100-->[com.google.firebase:firebase-auth:22.0.0] AndroidManifest.xml:49:13-46
101            android:exported="true"
101-->[com.google.firebase:firebase-auth:22.0.0] AndroidManifest.xml:50:13-36
102            android:launchMode="singleTask"
102-->[com.google.firebase:firebase-auth:22.0.0] AndroidManifest.xml:51:13-44
103            android:theme="@android:style/Theme.Translucent.NoTitleBar" >
103-->[com.google.firebase:firebase-auth:22.0.0] AndroidManifest.xml:52:13-72
104            <intent-filter>
104-->[com.google.firebase:firebase-auth:22.0.0] AndroidManifest.xml:53:13-63:29
105                <action android:name="android.intent.action.VIEW" />
105-->[com.google.firebase:firebase-auth:22.0.0] AndroidManifest.xml:36:17-69
105-->[com.google.firebase:firebase-auth:22.0.0] AndroidManifest.xml:36:25-66
106
107                <category android:name="android.intent.category.DEFAULT" />
107-->[com.google.firebase:firebase-auth:22.0.0] AndroidManifest.xml:38:17-76
107-->[com.google.firebase:firebase-auth:22.0.0] AndroidManifest.xml:38:27-73
108                <category android:name="android.intent.category.BROWSABLE" />
108-->[com.google.firebase:firebase-auth:22.0.0] AndroidManifest.xml:39:17-78
108-->[com.google.firebase:firebase-auth:22.0.0] AndroidManifest.xml:39:27-75
109
110                <data
110-->[com.google.firebase:firebase-auth:22.0.0] AndroidManifest.xml:41:17-44:51
111                    android:host="firebase.auth"
111-->[com.google.firebase:firebase-auth:22.0.0] AndroidManifest.xml:42:21-49
112                    android:path="/"
112-->[com.google.firebase:firebase-auth:22.0.0] AndroidManifest.xml:43:21-37
113                    android:scheme="recaptcha" />
113-->[com.google.firebase:firebase-auth:22.0.0] AndroidManifest.xml:44:21-48
114            </intent-filter>
115        </activity>
116
117        <service
117-->[com.google.firebase:firebase-auth:22.0.0] AndroidManifest.xml:66:9-72:19
118            android:name="com.google.firebase.components.ComponentDiscoveryService"
118-->[com.google.firebase:firebase-auth:22.0.0] AndroidManifest.xml:67:13-84
119            android:directBootAware="true"
119-->[com.google.firebase:firebase-common:20.3.3] AndroidManifest.xml:34:13-43
120            android:exported="false" >
120-->[com.google.firebase:firebase-auth:22.0.0] AndroidManifest.xml:68:13-37
121            <meta-data
121-->[com.google.firebase:firebase-auth:22.0.0] AndroidManifest.xml:69:13-71:85
122                android:name="com.google.firebase.components:com.google.firebase.auth.FirebaseAuthRegistrar"
122-->[com.google.firebase:firebase-auth:22.0.0] AndroidManifest.xml:70:17-109
123                android:value="com.google.firebase.components.ComponentRegistrar" />
123-->[com.google.firebase:firebase-auth:22.0.0] AndroidManifest.xml:71:17-82
124            <meta-data
124-->[com.google.firebase:firebase-database:20.2.2] AndroidManifest.xml:31:13-33:85
125                android:name="com.google.firebase.components:com.google.firebase.database.DatabaseRegistrar"
125-->[com.google.firebase:firebase-database:20.2.2] AndroidManifest.xml:32:17-109
126                android:value="com.google.firebase.components.ComponentRegistrar" />
126-->[com.google.firebase:firebase-database:20.2.2] AndroidManifest.xml:33:17-82
127            <meta-data
127-->[com.google.firebase:firebase-firestore:24.6.1] AndroidManifest.xml:19:13-21:85
128                android:name="com.google.firebase.components:com.google.firebase.firestore.FirestoreRegistrar"
128-->[com.google.firebase:firebase-firestore:24.6.1] AndroidManifest.xml:20:17-111
129                android:value="com.google.firebase.components.ComponentRegistrar" />
129-->[com.google.firebase:firebase-firestore:24.6.1] AndroidManifest.xml:21:17-82
130        </service>
131
132        <provider
132-->[com.android.car.ui:car-ui-lib:2.6.0] AndroidManifest.xml:37:9-42:71
133            android:name="com.android.car.ui.core.CarUiInstaller"
133-->[com.android.car.ui:car-ui-lib:2.6.0] AndroidManifest.xml:38:13-66
134            android:authorities="com.example.campus_buddy.CarUiInstaller"
134-->[com.android.car.ui:car-ui-lib:2.6.0] AndroidManifest.xml:39:13-66
135            android:directBootAware="true"
135-->[com.android.car.ui:car-ui-lib:2.6.0] AndroidManifest.xml:40:13-43
136            android:exported="false"
136-->[com.android.car.ui:car-ui-lib:2.6.0] AndroidManifest.xml:41:13-37
137            android:process="@string/car_ui_installer_process_name" />
137-->[com.android.car.ui:car-ui-lib:2.6.0] AndroidManifest.xml:42:13-68
138        <provider
138-->[com.android.car.ui:car-ui-lib:2.6.0] AndroidManifest.xml:43:9-48:79
139            android:name="com.android.car.ui.core.SearchResultsProvider"
139-->[com.android.car.ui:car-ui-lib:2.6.0] AndroidManifest.xml:44:13-73
140            android:authorities="com.example.campus_buddy.SearchResultsProvider"
140-->[com.android.car.ui:car-ui-lib:2.6.0] AndroidManifest.xml:45:13-73
141            android:exported="true"
141-->[com.android.car.ui:car-ui-lib:2.6.0] AndroidManifest.xml:46:13-36
142            android:process="@string/car_ui_installer_process_name"
142-->[com.android.car.ui:car-ui-lib:2.6.0] AndroidManifest.xml:47:13-68
143            android:readPermission="com.android.car.ui.READ_SEARCH_RESULTS" />
143-->[com.android.car.ui:car-ui-lib:2.6.0] AndroidManifest.xml:48:13-76
144
145        <activity
145-->[com.google.android.gms:play-services-auth:20.4.0] AndroidManifest.xml:23:9-27:75
146            android:name="com.google.android.gms.auth.api.signin.internal.SignInHubActivity"
146-->[com.google.android.gms:play-services-auth:20.4.0] AndroidManifest.xml:24:13-93
147            android:excludeFromRecents="true"
147-->[com.google.android.gms:play-services-auth:20.4.0] AndroidManifest.xml:25:13-46
148            android:exported="false"
148-->[com.google.android.gms:play-services-auth:20.4.0] AndroidManifest.xml:26:13-37
149            android:theme="@android:style/Theme.Translucent.NoTitleBar" />
149-->[com.google.android.gms:play-services-auth:20.4.0] AndroidManifest.xml:27:13-72
150        <!--
151            Service handling Google Sign-In user revocation. For apps that do not integrate with
152            Google Sign-In, this service will never be started.
153        -->
154        <service
154-->[com.google.android.gms:play-services-auth:20.4.0] AndroidManifest.xml:33:9-37:51
155            android:name="com.google.android.gms.auth.api.signin.RevocationBoundService"
155-->[com.google.android.gms:play-services-auth:20.4.0] AndroidManifest.xml:34:13-89
156            android:exported="true"
156-->[com.google.android.gms:play-services-auth:20.4.0] AndroidManifest.xml:35:13-36
157            android:permission="com.google.android.gms.auth.api.signin.permission.REVOCATION_NOTIFICATION"
157-->[com.google.android.gms:play-services-auth:20.4.0] AndroidManifest.xml:36:13-107
158            android:visibleToInstantApps="true" />
158-->[com.google.android.gms:play-services-auth:20.4.0] AndroidManifest.xml:37:13-48
159
160        <provider
160-->[com.google.firebase:firebase-common:20.3.3] AndroidManifest.xml:25:9-30:39
161            android:name="com.google.firebase.provider.FirebaseInitProvider"
161-->[com.google.firebase:firebase-common:20.3.3] AndroidManifest.xml:26:13-77
162            android:authorities="com.example.campus_buddy.firebaseinitprovider"
162-->[com.google.firebase:firebase-common:20.3.3] AndroidManifest.xml:27:13-72
163            android:directBootAware="true"
163-->[com.google.firebase:firebase-common:20.3.3] AndroidManifest.xml:28:13-43
164            android:exported="false"
164-->[com.google.firebase:firebase-common:20.3.3] AndroidManifest.xml:29:13-37
165            android:initOrder="100" />
165-->[com.google.firebase:firebase-common:20.3.3] AndroidManifest.xml:30:13-36
166
167        <activity
167-->[com.google.android.gms:play-services-base:18.1.0] AndroidManifest.xml:20:9-22:45
168            android:name="com.google.android.gms.common.api.GoogleApiActivity"
168-->[com.google.android.gms:play-services-base:18.1.0] AndroidManifest.xml:20:19-85
169            android:exported="false"
169-->[com.google.android.gms:play-services-base:18.1.0] AndroidManifest.xml:22:19-43
170            android:theme="@android:style/Theme.Translucent.NoTitleBar" />
170-->[com.google.android.gms:play-services-base:18.1.0] AndroidManifest.xml:21:19-78
171
172        <provider
172-->[androidx.emoji2:emoji2:1.2.0] AndroidManifest.xml:24:9-32:20
173            android:name="androidx.startup.InitializationProvider"
173-->[androidx.emoji2:emoji2:1.2.0] AndroidManifest.xml:25:13-67
174            android:authorities="com.example.campus_buddy.androidx-startup"
174-->[androidx.emoji2:emoji2:1.2.0] AndroidManifest.xml:26:13-68
175            android:exported="false" >
175-->[androidx.emoji2:emoji2:1.2.0] AndroidManifest.xml:27:13-37
176            <meta-data
176-->[androidx.emoji2:emoji2:1.2.0] AndroidManifest.xml:29:13-31:52
177                android:name="androidx.emoji2.text.EmojiCompatInitializer"
177-->[androidx.emoji2:emoji2:1.2.0] AndroidManifest.xml:30:17-75
178                android:value="androidx.startup" />
178-->[androidx.emoji2:emoji2:1.2.0] AndroidManifest.xml:31:17-49
179            <meta-data
179-->[androidx.lifecycle:lifecycle-process:2.6.1] AndroidManifest.xml:29:13-31:52
180                android:name="androidx.lifecycle.ProcessLifecycleInitializer"
180-->[androidx.lifecycle:lifecycle-process:2.6.1] AndroidManifest.xml:30:17-78
181                android:value="androidx.startup" />
181-->[androidx.lifecycle:lifecycle-process:2.6.1] AndroidManifest.xml:31:17-49
182            <meta-data
182-->[androidx.profileinstaller:profileinstaller:1.3.0] AndroidManifest.xml:29:13-31:52
183                android:name="androidx.profileinstaller.ProfileInstallerInitializer"
183-->[androidx.profileinstaller:profileinstaller:1.3.0] AndroidManifest.xml:30:17-85
184                android:value="androidx.startup" />
184-->[androidx.profileinstaller:profileinstaller:1.3.0] AndroidManifest.xml:31:17-49
185        </provider>
186
187        <meta-data
187-->[com.google.android.gms:play-services-basement:18.4.0] AndroidManifest.xml:6:9-122
188            android:name="com.google.android.gms.version"
188-->[com.google.android.gms:play-services-basement:18.4.0] AndroidManifest.xml:6:20-65
189            android:value="@integer/google_play_services_version" />
189-->[com.google.android.gms:play-services-basement:18.4.0] AndroidManifest.xml:6:66-119
190
191        <receiver
191-->[androidx.profileinstaller:profileinstaller:1.3.0] AndroidManifest.xml:34:9-52:20
192            android:name="androidx.profileinstaller.ProfileInstallReceiver"
192-->[androidx.profileinstaller:profileinstaller:1.3.0] AndroidManifest.xml:35:13-76
193            android:directBootAware="false"
193-->[androidx.profileinstaller:profileinstaller:1.3.0] AndroidManifest.xml:36:13-44
194            android:enabled="true"
194-->[androidx.profileinstaller:profileinstaller:1.3.0] AndroidManifest.xml:37:13-35
195            android:exported="true"
195-->[androidx.profileinstaller:profileinstaller:1.3.0] AndroidManifest.xml:38:13-36
196            android:permission="android.permission.DUMP" >
196-->[androidx.profileinstaller:profileinstaller:1.3.0] AndroidManifest.xml:39:13-57
197            <intent-filter>
197-->[androidx.profileinstaller:profileinstaller:1.3.0] AndroidManifest.xml:40:13-42:29
198                <action android:name="androidx.profileinstaller.action.INSTALL_PROFILE" />
198-->[androidx.profileinstaller:profileinstaller:1.3.0] AndroidManifest.xml:41:17-91
198-->[androidx.profileinstaller:profileinstaller:1.3.0] AndroidManifest.xml:41:25-88
199            </intent-filter>
200            <intent-filter>
200-->[androidx.profileinstaller:profileinstaller:1.3.0] AndroidManifest.xml:43:13-45:29
201                <action android:name="androidx.profileinstaller.action.SKIP_FILE" />
201-->[androidx.profileinstaller:profileinstaller:1.3.0] AndroidManifest.xml:44:17-85
201-->[androidx.profileinstaller:profileinstaller:1.3.0] AndroidManifest.xml:44:25-82
202            </intent-filter>
203            <intent-filter>
203-->[androidx.profileinstaller:profileinstaller:1.3.0] AndroidManifest.xml:46:13-48:29
204                <action android:name="androidx.profileinstaller.action.SAVE_PROFILE" />
204-->[androidx.profileinstaller:profileinstaller:1.3.0] AndroidManifest.xml:47:17-88
204-->[androidx.profileinstaller:profileinstaller:1.3.0] AndroidManifest.xml:47:25-85
205            </intent-filter>
206            <intent-filter>
206-->[androidx.profileinstaller:profileinstaller:1.3.0] AndroidManifest.xml:49:13-51:29
207                <action android:name="androidx.profileinstaller.action.BENCHMARK_OPERATION" />
207-->[androidx.profileinstaller:profileinstaller:1.3.0] AndroidManifest.xml:50:17-95
207-->[androidx.profileinstaller:profileinstaller:1.3.0] AndroidManifest.xml:50:25-92
208            </intent-filter>
209        </receiver>
210    </application>
211
212</manifest>